app/build/outputs/logs/manifest-merger-debug-report.txt
-- Merging decision tree log ---
manifest
ADDED from src/main/AndroidManifest.xml:2:1-34:12
INJECTED from src/main/AndroidManifest.xml:2:1-34:12
INJECTED from src/main/AndroidManifest.xml:2:1-34:12
INJECTED from src/main/AndroidManifest.xml:2:1-34:12
MERGED from [com.android.support:design:25.4.0] AndroidManifest.xml:17:1-31:12
MERGED from [com.android.support:appcompat-v7:25.4.0] AndroidManifest.xml:17:1-31:12
MERGED from [com.android.support:cardview-v7:25.0.1] AndroidManifest.xml:17:1-24:12
MERGED from [com.android.support.constraint:constraint-layout:1.0.2] AndroidManifest.xml:2:1-11:12
MERGED from [com.android.support:recyclerview-v7:25.4.0] AndroidManifest.xml:17:1-28:12
MERGED from [com.android.support:transition:25.4.0] AndroidManifest.xml:17:1-28:12
MERGED from [com.android.support:support-v4:25.4.0] AndroidManifest.xml:17:1-31:12
MERGED from [com.android.support:support-fragment:25.4.0] AndroidManifest.xml:17:1-31:12
MERGED from [com.android.support:support-media-compat:25.4.0] AndroidManifest.xml:17:1-31:12
MERGED from [com.android.support:support-core-utils:25.4.0] AndroidManifest.xml:17:1-31:12
MERGED from [com.android.support:animated-vector-drawable:25.4.0] AndroidManifest.xml:17:1-28:12
MERGED from [com.android.support:support-core-ui:25.4.0] AndroidManifest.xml:17:1-31:12
MERGED from [com.android.support:support-vector-drawable:25.4.0] AndroidManifest.xml:17:1-28:12
MERGED from [com.android.support:support-compat:25.4.0] AndroidManifest.xml:17:1-31:12
INJECTED from src/main/AndroidManifest.xml:2:1-34:12
INJECTED from src/main/AndroidManifest.xml:2:1-34:12
INJECTED from src/main/AndroidManifest.xml:2:1-34:12
	package
		ADDED from src/main/AndroidManifest.xml:3:5-24
		INJECTED from src/main/AndroidManifest.xml
		INJECTED from src/main/AndroidManifest.xml
	android:versionName
		INJECTED from src/main/AndroidManifest.xml
		ADDED from src/main/AndroidManifest.xml:2:1-34:12
		INJECTED from src/main/AndroidManifest.xml
	android:versionCode
		INJECTED from src/main/AndroidManifest.xml
		ADDED from src/main/AndroidManifest.xml:2:1-34:12
		INJECTED from src/main/AndroidManifest.xml
	xmlns:android
		ADDED from src/main/AndroidManifest.xml:2:11-69
uses-permission#android.permission.ACCESS_FINE_LOCATION
ADDED from src/main/AndroidManifest.xml:5:5-79
	android:name
		ADDED from src/main/AndroidManifest.xml:5:22-76
uses-permission#android.permission.ACCESS_COARSE_LOCATION
ADDED from src/main/AndroidManifest.xml:6:5-81
	android:name
		ADDED from src/main/AndroidManifest.xml:6:22-78
uses-permission#android.permission.CAMERA
ADDED from src/main/AndroidManifest.xml:7:5-65
	android:name
		ADDED from src/main/AndroidManifest.xml:7:22-62
uses-permission#android.permission.INTERNET
ADDED from src/main/AndroidManifest.xml:8:5-67
	android:name
		ADDED from src/main/AndroidManifest.xml:8:22-64
uses-permission#android.permission.ACCESS_NETWORK_STATE
ADDED from src/main/AndroidManifest.xml:9:5-79
	android:name
		ADDED from src/main/AndroidManifest.xml:9:22-76
uses-feature#android.hardware.camera
ADDED from src/main/AndroidManifest.xml:11:5-60
	android:name
		ADDED from src/main/AndroidManifest.xml:11:19-57
application
ADDED from src/main/AndroidManifest.xml:13:5-32:19
MERGED from [com.android.support:design:25.4.0] AndroidManifest.xml:25:5-29:19
MERGED from [com.android.support:design:25.4.0] AndroidManifest.xml:25:5-29:19
MERGED from [com.android.support:appcompat-v7:25.4.0] AndroidManifest.xml:25:5-29:19
MERGED from [com.android.support:appcompat-v7:25.4.0] AndroidManifest.xml:25:5-29:19
MERGED from [com.android.support:cardview-v7:25.0.1] AndroidManifest.xml:22:5-20
MERGED from [com.android.support:cardview-v7:25.0.1] AndroidManifest.xml:22:5-20
MERGED from [com.android.support.constraint:constraint-layout:1.0.2] AndroidManifest.xml:9:5-20
MERGED from [com.android.support.constraint:constraint-layout:1.0.2] AndroidManifest.xml:9:5-20
MERGED from [com.android.support:recyclerview-v7:25.4.0] AndroidManifest.xml:22:5-26:19
MERGED from [com.android.support:recyclerview-v7:25.4.0] AndroidManifest.xml:22:5-26:19
MERGED from [com.android.support:transition:25.4.0] AndroidManifest.xml:22:5-26:19
MERGED from [com.android.support:transition:25.4.0] AndroidManifest.xml:22:5-26:19
MERGED from [com.android.support:support-v4:25.4.0] AndroidManifest.xml:25:5-29:19
MERGED from [com.android.support:support-v4:25.4.0] AndroidManifest.xml:25:5-29:19
MERGED from [com.android.support:support-fragment:25.4.0] AndroidManifest.xml:25:5-29:19
MERGED from [com.android.support:support-fragment:25.4.0] AndroidManifest.xml:25:5-29:19
MERGED from [com.android.support:support-media-compat:25.4.0] AndroidManifest.xml:25:5-29:19
MERGED from [com.android.support:support-media-compat:25.4.0] AndroidManifest.xml:25:5-29:19
MERGED from [com.android.support:support-core-utils:25.4.0] AndroidManifest.xml:25:5-29:19
MERGED from [com.android.support:support-core-utils:25.4.0] AndroidManifest.xml:25:5-29:19
MERGED from [com.android.support:animated-vector-drawable:25.4.0] AndroidManifest.xml:22:5-26:19
MERGED from [com.android.support:animated-vector-drawable:25.4.0] AndroidManifest.xml:22:5-26:19
MERGED from [com.android.support:support-core-ui:25.4.0] AndroidManifest.xml:25:5-29:19
MERGED from [com.android.support:support-core-ui:25.4.0] AndroidManifest.xml:25:5-29:19
MERGED from [com.android.support:support-vector-drawable:25.4.0] AndroidManifest.xml:22:5-26:19
MERGED from [com.android.support:support-vector-drawable:25.4.0] AndroidManifest.xml:22:5-26:19
MERGED from [com.android.support:support-compat:25.4.0] AndroidManifest.xml:25:5-29:19
MERGED from [com.android.support:support-compat:25.4.0] AndroidManifest.xml:25:5-29:19
	android:supportsRtl
		ADDED from src/main/AndroidManifest.xml:17:9-35
	android:label
		ADDED from src/main/AndroidManifest.xml:16:9-41
	android:icon
		ADDED from src/main/AndroidManifest.xml:15:9-45
	android:allowBackup
		ADDED from src/main/AndroidManifest.xml:14:9-35
	android:theme
		ADDED from src/main/AndroidManifest.xml:18:9-40
activity#ng.dat.ar.NavigationActivity
ADDED from src/main/AndroidManifest.xml:19:9-25:20
	android:name
		ADDED from src/main/AndroidManifest.xml:19:19-53
intent-filter#action:name:android.intent.action.MAIN+category:name:android.intent.category.LAUNCHER
ADDED from src/main/AndroidManifest.xml:20:13-24:29
action#android.intent.action.MAIN
ADDED from src/main/AndroidManifest.xml:21:17-69
	android:name
		ADDED from src/main/AndroidManifest.xml:21:25-66
category#android.intent.category.LAUNCHER
ADDED from src/main/AndroidManifest.xml:23:17-77
	android:name
		ADDED from src/main/AndroidManifest.xml:23:27-74
activity#ng.dat.ar.ARActivity
ADDED from src/main/AndroidManifest.xml:26:9-48
	android:name
		ADDED from src/main/AndroidManifest.xml:26:19-45
activity#ng.dat.ar.ToursActivity
ADDED from src/main/AndroidManifest.xml:27:9-51
	android:name
		ADDED from src/main/AndroidManifest.xml:27:19-48
activity#ng.dat.ar.PlacesActivity
ADDED from src/main/AndroidManifest.xml:28:9-52
	android:name
		ADDED from src/main/AndroidManifest.xml:28:19-49
activity#ng.dat.ar.HelpActivity
ADDED from src/main/AndroidManifest.xml:29:9-50
	android:name
		ADDED from src/main/AndroidManifest.xml:29:19-47
activity#ng.dat.ar.MainMenu
ADDED from src/main/AndroidManifest.xml:30:9-46
	android:name
		ADDED from src/main/AndroidManifest.xml:30:19-43
activity#ng.dat.ar.TourDescription
ADDED from src/main/AndroidManifest.xml:31:9-62
	android:name
		ADDED from src/main/AndroidManifest.xml:31:19-50
uses-sdk
INJECTED from src/main/AndroidManifest.xml reason: use-sdk injection requested
INJECTED from src/main/AndroidManifest.xml
INJECTED from src/main/AndroidManifest.xml
MERGED from [com.android.support:design:25.4.0] AndroidManifest.xml:21:5-23:62
MERGED from [com.android.support:design:25.4.0] AndroidManifest.xml:21:5-23:62
MERGED from [com.android.support:appcompat-v7:25.4.0] AndroidManifest.xml:21:5-23:78
MERGED from [com.android.support:appcompat-v7:25.4.0] AndroidManifest.xml:21:5-23:78
MERGED from [com.android.support:cardview-v7:25.0.1] AndroidManifest.xml:20:5-43
MERGED from [com.android.support:cardview-v7:25.0.1] AndroidManifest.xml:20:5-43
MERGED from [com.android.support.constraint:constraint-layout:1.0.2] AndroidManifest.xml:5:5-7:41
MERGED from [com.android.support.constraint:constraint-layout:1.0.2] AndroidManifest.xml:5:5-7:41
MERGED from [com.android.support:recyclerview-v7:25.4.0] AndroidManifest.xml:20:5-43
MERGED from [com.android.support:recyclerview-v7:25.4.0] AndroidManifest.xml:20:5-43
MERGED from [com.android.support:transition:25.4.0] AndroidManifest.xml:20:5-44
MERGED from [com.android.support:transition:25.4.0] AndroidManifest.xml:20:5-44
MERGED from [com.android.support:support-v4:25.4.0] AndroidManifest.xml:21:5-23:54
MERGED from [com.android.support:support-v4:25.4.0] AndroidManifest.xml:21:5-23:54
MERGED from [com.android.support:support-fragment:25.4.0] AndroidManifest.xml:21:5-23:60
MERGED from [com.android.support:support-fragment:25.4.0] AndroidManifest.xml:21:5-23:60
MERGED from [com.android.support:support-media-compat:25.4.0] AndroidManifest.xml:21:5-23:63
MERGED from [com.android.support:support-media-compat:25.4.0] AndroidManifest.xml:21:5-23:63
MERGED from [com.android.support:support-core-utils:25.4.0] AndroidManifest.xml:21:5-23:61
MERGED from [com.android.support:support-core-utils:25.4.0] AndroidManifest.xml:21:5-23:61
MERGED from [com.android.support:animated-vector-drawable:25.4.0] AndroidManifest.xml:20:5-44
MERGED from [com.android.support:animated-vector-drawable:25.4.0] AndroidManifest.xml:20:5-44
MERGED from [com.android.support:support-core-ui:25.4.0] AndroidManifest.xml:21:5-23:58
MERGED from [com.android.support:support-core-ui:25.4.0] AndroidManifest.xml:21:5-23:58
MERGED from [com.android.support:support-vector-drawable:25.4.0] AndroidManifest.xml:20:5-43
MERGED from [com.android.support:support-vector-drawable:25.4.0] AndroidManifest.xml:20:5-43
MERGED from [com.android.support:support-compat:25.4.0] AndroidManifest.xml:21:5-23:58
MERGED from [com.android.support:support-compat:25.4.0] AndroidManifest.xml:21:5-23:58
INJECTED from src/main/AndroidManifest.xml
INJECTED from src/main/AndroidManifest.xml
	tools:overrideLibrary
		ADDED from [com.android.support:design:25.4.0] AndroidManifest.xml:23:9-59
	android:targetSdkVersion
		INJECTED from src/main/AndroidManifest.xml
		ADDED from src/main/AndroidManifest.xml
		INJECTED from src/main/AndroidManifest.xml
	android:minSdkVersion
		INJECTED from src/main/AndroidManifest.xml
		ADDED from src/main/AndroidManifest.xml
		INJECTED from src/main/AndroidManifest.xml
meta-data#android.support.VERSION
ADDED from [com.android.support:design:25.4.0] AndroidManifest.xml:26:9-28:38
MERGED from [com.android.support:appcompat-v7:25.4.0] AndroidManifest.xml:26:9-28:38
MERGED from [com.android.support:appcompat-v7:25.4.0] AndroidManifest.xml:26:9-28:38
MERGED from [com.android.support:recyclerview-v7:25.4.0] AndroidManifest.xml:23:9-25:38
MERGED from [com.android.support:recyclerview-v7:25.4.0] AndroidManifest.xml:23:9-25:38
MERGED from [com.android.support:transition:25.4.0] AndroidManifest.xml:23:9-25:38
MERGED from [com.android.support:transition:25.4.0] AndroidManifest.xml:23:9-25:38
MERGED from [com.android.support:support-v4:25.4.0] AndroidManifest.xml:26:9-28:38
MERGED from [com.android.support:support-v4:25.4.0] AndroidManifest.xml:26:9-28:38
MERGED from [com.android.support:support-fragment:25.4.0] AndroidManifest.xml:26:9-28:38
MERGED from [com.android.support:support-fragment:25.4.0] AndroidManifest.xml:26:9-28:38
MERGED from [com.android.support:support-media-compat:25.4.0] AndroidManifest.xml:26:9-28:38
MERGED from [com.android.support:support-media-compat:25.4.0] AndroidManifest.xml:26:9-28:38
MERGED from [com.android.support:support-core-utils:25.4.0] AndroidManifest.xml:26:9-28:38
MERGED from [com.android.support:support-core-utils:25.4.0] AndroidManifest.xml:26:9-28:38
MERGED from [com.android.support:animated-vector-drawable:25.4.0] AndroidManifest.xml:23:9-25:38
MERGED from [com.android.support:animated-vector-drawable:25.4.0] AndroidManifest.xml:23:9-25:38
MERGED from [com.android.support:support-core-ui:25.4.0] AndroidManifest.xml:26:9-28:38
MERGED from [com.android.support:support-core-ui:25.4.0] AndroidManifest.xml:26:9-28:38
MERGED from [com.android.support:support-vector-drawable:25.4.0] AndroidManifest.xml:23:9-25:38
MERGED from [com.android.support:support-vector-drawable:25.4.0] AndroidManifest.xml:23:9-25:38
MERGED from [com.android.support:support-compat:25.4.0] AndroidManifest.xml:26:9-28:38
MERGED from [com.android.support:support-compat:25.4.0] AndroidManifest.xml:26:9-28:38
	android:value
		ADDED from [com.android.support:design:25.4.0] AndroidManifest.xml:28:13-35
	android:name
		ADDED from [com.android.support:design:25.4.0] AndroidManifest.xml:27:13-51